# JRE version: OpenJDK Runtime Environment (11.0.10) (build 11.0.10+0-b96-7249189)
# Java VM: OpenJDK 64-Bit Server VM (11.0.10+0-b96-7249189, mixed mode, tiered, compressed oops, g1 gc, windows-amd64)
Heap:
 garbage-first heap   total 540672K, used 284535K [0x00000000a0000000, 0x0000000100000000)
  region size 1024K, 116 young (118784K), 1 survivors (1024K)
 Metaspace       used 241232K, capacity 246810K, committed 247888K, reserved 1265664K
  class space    used 29682K, capacity 31687K, committed 32000K, reserved 1048576K
GC Heap History (20 events):
Event: 4114.764 GC heap before
{Heap before GC invocations=170 (full 0):
 garbage-first heap   total 540672K, used 420814K [0x00000000a0000000, 0x0000000100000000)
  region size 1024K, 181 young (185344K), 26 survivors (26624K)
 Metaspace       used 240869K, capacity 246447K, committed 247632K, reserved 1265664K
  class space    used 29644K, capacity 31628K, committed 32000K, reserved 1048576K
}
Event: 4114.801 GC heap after
{Heap after GC invocations=171 (full 0):
 garbage-first heap   total 540672K, used 274777K [0x00000000a0000000, 0x0000000100000000)
  region size 1024K, 16 young (16384K), 16 survivors (16384K)
 Metaspace       used 240869K, capacity 246447K, committed 247632K, reserved 1265664K
  class space    used 29644K, capacity 31628K, committed 32000K, reserved 1048576K
}
Event: 4114.861 GC heap before
{Heap before GC invocations=171 (full 0):
 garbage-first heap   total 540672K, used 292185K [0x00000000a0000000, 0x0000000100000000)
  region size 1024K, 26 young (26624K), 16 survivors (16384K)
 Metaspace       used 240869K, capacity 246447K, committed 247632K, reserved 1265664K
  class space    used 29644K, capacity 31628K, committed 32000K, reserved 1048576K
}
Event: 4114.921 GC heap after
{Heap after GC invocations=172 (full 0):
 garbage-first heap   total 540672K, used 263639K [0x00000000a0000000, 0x0000000100000000)
  region size 1024K, 2 young (2048K), 2 survivors (2048K)
 Metaspace       used 240869K, capacity 246447K, committed 247632K, reserved 1265664K
  class space    used 29644K, capacity 31628K, committed 32000K, reserved 1048576K
}
Event: 4115.267 GC heap before
{Heap before GC invocations=172 (full 0):
 garbage-first heap   total 540672K, used 298455K [0x00000000a0000000, 0x0000000100000000)
  region size 1024K, 38 young (38912K), 2 survivors (2048K)
 Metaspace       used 240883K, capacity 246453K, committed 247632K, reserved 1265664K
  class space    used 29645K, capacity 31630K, committed 32000K, reserved 1048576K
}
Event: 4115.278 GC heap after
{Heap after GC invocations=173 (full 0):
 garbage-first heap   total 540672K, used 256187K [0x00000000a0000000, 0x0000000100000000)
  region size 1024K, 2 young (2048K), 2 survivors (2048K)
 Metaspace       used 240883K, capacity 246453K, committed 247632K, reserved 1265664K
  class space    used 29645K, capacity 31630K, committed 32000K, reserved 1048576K
}
Event: 4312.997 GC heap before
{Heap before GC invocations=174 (full 0):
 garbage-first heap   total 540672K, used 392379K [0x00000000a0000000, 0x0000000100000000)
  region size 1024K, 142 young (145408K), 2 survivors (2048K)
 Metaspace       used 241150K, capacity 246722K, committed 247632K, reserved 1265664K
  class space    used 29676K, capacity 31682K, committed 32000K, reserved 1048576K
}
Event: 4313.008 GC heap after
{Heap after GC invocations=175 (full 0):
 garbage-first heap   total 540672K, used 248908K [0x00000000a0000000, 0x0000000100000000)
  region size 1024K, 13 young (13312K), 13 survivors (13312K)
 Metaspace       used 241150K, capacity 246722K, committed 247632K, reserved 1265664K
  class space    used 29676K, capacity 31682K, committed 32000K, reserved 1048576K
}
Event: 4313.076 GC heap before
{Heap before GC invocations=175 (full 0):
 garbage-first heap   total 540672K, used 262220K [0x00000000a0000000, 0x0000000100000000)
  region size 1024K, 26 young (26624K), 13 survivors (13312K)
 Metaspace       used 241150K, capacity 246722K, committed 247632K, reserved 1265664K
  class space    used 29676K, capacity 31682K, committed 32000K, reserved 1048576K
}
Event: 4313.112 GC heap after
{Heap after GC invocations=176 (full 0):
 garbage-first heap   total 540672K, used 219310K [0x00000000a0000000, 0x0000000100000000)
  region size 1024K, 4 young (4096K), 4 survivors (4096K)
 Metaspace       used 241150K, capacity 246722K, committed 247632K, reserved 1265664K
  class space    used 29676K, capacity 31682K, committed 32000K, reserved 1048576K
}
Event: 4313.238 GC heap before
{Heap before GC invocations=176 (full 0):
 garbage-first heap   total 540672K, used 240814K [0x00000000a0000000, 0x0000000100000000)
  region size 1024K, 27 young (27648K), 4 survivors (4096K)
 Metaspace       used 241150K, capacity 246722K, committed 247632K, reserved 1265664K
  class space    used 29676K, capacity 31682K, committed 32000K, reserved 1048576K
}
Event: 4313.265 GC heap after
{Heap after GC invocations=177 (full 0):
 garbage-first heap   total 540672K, used 221098K [0x00000000a0000000, 0x0000000100000000)
  region size 1024K, 4 young (4096K), 4 survivors (4096K)
 Metaspace       used 241150K, capacity 246722K, committed 247632K, reserved 1265664K
  class space    used 29676K, capacity 31682K, committed 32000K, reserved 1048576K
}
Event: 4313.282 GC heap before
{Heap before GC invocations=177 (full 0):
 garbage-first heap   total 540672K, used 225194K [0x00000000a0000000, 0x0000000100000000)
  region size 1024K, 10 young (10240K), 4 survivors (4096K)
 Metaspace       used 241155K, capacity 246722K, committed 247632K, reserved 1265664K
  class space    used 29676K, capacity 31682K, committed 32000K, reserved 1048576K
}
Event: 4313.290 GC heap after
{Heap after GC invocations=178 (full 0):
 garbage-first heap   total 540672K, used 221771K [0x00000000a0000000, 0x0000000100000000)
  region size 1024K, 5 young (5120K), 5 survivors (5120K)
 Metaspace       used 241155K, capacity 246722K, committed 247632K, reserved 1265664K
  class space    used 29676K, capacity 31682K, committed 32000K, reserved 1048576K
}
Event: 4315.807 GC heap before
{Heap before GC invocations=179 (full 0):
 garbage-first heap   total 540672K, used 342603K [0x00000000a0000000, 0x0000000100000000)
  region size 1024K, 139 young (142336K), 5 survivors (5120K)
 Metaspace       used 241207K, capacity 246789K, committed 247888K, reserved 1265664K
  class space    used 29677K, capacity 31683K, committed 32000K, reserved 1048576K
}
Event: 4315.818 GC heap after
{Heap after GC invocations=180 (full 0):
 garbage-first heap   total 540672K, used 196963K [0x00000000a0000000, 0x0000000100000000)
  region size 1024K, 11 young (11264K), 11 survivors (11264K)
 Metaspace       used 241207K, capacity 246789K, committed 247888K, reserved 1265664K
  class space    used 29677K, capacity 31683K, committed 32000K, reserved 1048576K
}
Event: 4315.919 GC heap before
{Heap before GC invocations=180 (full 0):
 garbage-first heap   total 540672K, used 211299K [0x00000000a0000000, 0x0000000100000000)
  region size 1024K, 26 young (26624K), 11 survivors (11264K)
 Metaspace       used 241207K, capacity 246789K, committed 247888K, reserved 1265664K
  class space    used 29677K, capacity 31683K, committed 32000K, reserved 1048576K
}
Event: 4315.932 GC heap after
{Heap after GC invocations=181 (full 0):
 garbage-first heap   total 540672K, used 170708K [0x00000000a0000000, 0x0000000100000000)
  region size 1024K, 2 young (2048K), 2 survivors (2048K)
 Metaspace       used 241207K, capacity 246789K, committed 247888K, reserved 1265664K
  class space    used 29677K, capacity 31683K, committed 32000K, reserved 1048576K
}
Event: 4315.941 GC heap before
{Heap before GC invocations=181 (full 0):
 garbage-first heap   total 540672K, used 174804K [0x00000000a0000000, 0x0000000100000000)
  region size 1024K, 7 young (7168K), 2 survivors (2048K)
 Metaspace       used 241207K, capacity 246789K, committed 247888K, reserved 1265664K
  class space    used 29677K, capacity 31683K, committed 32000K, reserved 1048576K
}
Event: 4315.945 GC heap after
{Heap after GC invocations=182 (full 0):
 garbage-first heap   total 540672K, used 169847K [0x00000000a0000000, 0x0000000100000000)
  region size 1024K, 1 young (1024K), 1 survivors (1024K)
 Metaspace       used 241207K, capacity 246789K, committed 247888K, reserved 1265664K
  class space    used 29677K, capacity 31683K, committed 32000K, reserved 1048576K
}

